

Microchip MPLAB XC8 Assembler V2.10 build 88905656 
                                                                                               Tue Jun 16 16:31:32 2020

Microchip MPLAB XC8 C Compiler v2.10 (Free license) build 20190730164152 Og1 
     1                           	processor	16F1825
     2                           	opt	pw 120
     3                           	opt	flic
     4                           	psect	cinit,global,class=CODE,merge=1,delta=2
     5                           	psect	cstackCOMMON,global,class=COMMON,space=1,delta=1
     6                           	psect	maintext,global,class=CODE,merge=1,split=1,delta=2
     7                           	dabs	1,0x7E,2
     8  0000                     
     9                           ; Version 2.10
    10                           ; Generated 31/07/2019 GMT
    11                           ; 
    12                           ; Copyright © 2019, Microchip Technology Inc. and its subsidiaries ("Microchip")
    13                           ; All rights reserved.
    14                           ; 
    15                           ; This software is developed by Microchip Technology Inc. and its subsidiaries ("Microch
      +                          ip").
    16                           ; 
    17                           ; Redistribution and use in source and binary forms, with or without modification, are
    18                           ; permitted provided that the following conditions are met:
    19                           ; 
    20                           ;     1. Redistributions of source code must retain the above copyright notice, this lis
      +                          t of
    21                           ;        conditions and the following disclaimer.
    22                           ; 
    23                           ;     2. Redistributions in binary form must reproduce the above copyright notice, this 
      +                          list
    24                           ;        of conditions and the following disclaimer in the documentation and/or other
    25                           ;        materials provided with the distribution.
    26                           ; 
    27                           ;     3. Microchip's name may not be used to endorse or promote products derived from th
      +                          is
    28                           ;        software without specific prior written permission.
    29                           ; 
    30                           ; THIS SOFTWARE IS PROVIDED BY MICROCHIP "AS IS" AND ANY EXPRESS OR IMPLIED WARRANTIES,
    31                           ; INCLUDING, BUT NOT LIMITED TO, THE IMPLIED WARRANTIES OF MERCHANTABILITY AND FITNESS F
      +                          OR
    32                           ; PURPOSE ARE DISCLAIMED.  IN NO EVENT SHALL MICROCHIP BE LIABLE FOR ANY DIRECT, INDIREC
      +                          T,
    33                           ; INCIDENTAL, SPECIAL, EXEMPLARY, OR CONSEQUENTIAL DAMAGES (INCLUDING BUT NOT LIMITED TO
    34                           ; PROCUREMENT OF SUBSTITUTE GOODS OR SERVICES; LOSS OF USE, DATA OR PROFITS; OR BUSINESS
    35                           ; INTERRUPTION) HOWSOEVER CAUSED AND ON ANY THEORY OF LIABILITY, WHETHER IN CONTRACT, ST
      +                          RICT
    36                           ; LIABILITY, OR TORT (INCLUDING NEGLIGENCE OR OTHERWISE) ARISING IN ANY WAY OUT OF THE U
      +                          SE OF
    37                           ; THIS SOFTWARE, EVEN IF ADVISED OF THE POSSIBILITY OF SUCH DAMAGE.
    38                           ; 
    39                           ; 
    40                           ; Code-generator required, PIC16F1825 Definitions
    41                           ; 
    42                           ; SFR Addresses
    43  0000                     	;# 
    44  0001                     	;# 
    45  0002                     	;# 
    46  0003                     	;# 
    47  0004                     	;# 
    48  0005                     	;# 
    49  0006                     	;# 
    50  0007                     	;# 
    51  0008                     	;# 
    52  0009                     	;# 
    53  000A                     	;# 
    54  000B                     	;# 
    55  000C                     	;# 
    56  000E                     	;# 
    57  0011                     	;# 
    58  0012                     	;# 
    59  0013                     	;# 
    60  0015                     	;# 
    61  0016                     	;# 
    62  0016                     	;# 
    63  0017                     	;# 
    64  0018                     	;# 
    65  0019                     	;# 
    66  001A                     	;# 
    67  001B                     	;# 
    68  001C                     	;# 
    69  001E                     	;# 
    70  001F                     	;# 
    71  008C                     	;# 
    72  008E                     	;# 
    73  0091                     	;# 
    74  0092                     	;# 
    75  0093                     	;# 
    76  0095                     	;# 
    77  0096                     	;# 
    78  0097                     	;# 
    79  0098                     	;# 
    80  0099                     	;# 
    81  009A                     	;# 
    82  009B                     	;# 
    83  009B                     	;# 
    84  009C                     	;# 
    85  009D                     	;# 
    86  009E                     	;# 
    87  010C                     	;# 
    88  010E                     	;# 
    89  0111                     	;# 
    90  0112                     	;# 
    91  0113                     	;# 
    92  0114                     	;# 
    93  0115                     	;# 
    94  0116                     	;# 
    95  0117                     	;# 
    96  0118                     	;# 
    97  0119                     	;# 
    98  011A                     	;# 
    99  011B                     	;# 
   100  011D                     	;# 
   101  011E                     	;# 
   102  018C                     	;# 
   103  018E                     	;# 
   104  0191                     	;# 
   105  0191                     	;# 
   106  0192                     	;# 
   107  0193                     	;# 
   108  0193                     	;# 
   109  0193                     	;# 
   110  0194                     	;# 
   111  0195                     	;# 
   112  0196                     	;# 
   113  0199                     	;# 
   114  019A                     	;# 
   115  019B                     	;# 
   116  019B                     	;# 
   117  019C                     	;# 
   118  019D                     	;# 
   119  019E                     	;# 
   120  019F                     	;# 
   121  020C                     	;# 
   122  020E                     	;# 
   123  0211                     	;# 
   124  0211                     	;# 
   125  0212                     	;# 
   126  0212                     	;# 
   127  0213                     	;# 
   128  0213                     	;# 
   129  0214                     	;# 
   130  0214                     	;# 
   131  0215                     	;# 
   132  0215                     	;# 
   133  0215                     	;# 
   134  0216                     	;# 
   135  0216                     	;# 
   136  0217                     	;# 
   137  0217                     	;# 
   138  0291                     	;# 
   139  0291                     	;# 
   140  0292                     	;# 
   141  0293                     	;# 
   142  0294                     	;# 
   143  0295                     	;# 
   144  0295                     	;# 
   145  0296                     	;# 
   146  0298                     	;# 
   147  0298                     	;# 
   148  0299                     	;# 
   149  029A                     	;# 
   150  029B                     	;# 
   151  029C                     	;# 
   152  029D                     	;# 
   153  029E                     	;# 
   154  0311                     	;# 
   155  0311                     	;# 
   156  0312                     	;# 
   157  0313                     	;# 
   158  0318                     	;# 
   159  0318                     	;# 
   160  0319                     	;# 
   161  031A                     	;# 
   162  038C                     	;# 
   163  038E                     	;# 
   164  0391                     	;# 
   165  0392                     	;# 
   166  0393                     	;# 
   167  039A                     	;# 
   168  039C                     	;# 
   169  039D                     	;# 
   170  039E                     	;# 
   171  039F                     	;# 
   172  0415                     	;# 
   173  0416                     	;# 
   174  0417                     	;# 
   175  041C                     	;# 
   176  041D                     	;# 
   177  041E                     	;# 
   178  0FE4                     	;# 
   179  0FE5                     	;# 
   180  0FE6                     	;# 
   181  0FE7                     	;# 
   182  0FE8                     	;# 
   183  0FE9                     	;# 
   184  0FEA                     	;# 
   185  0FEB                     	;# 
   186  0FED                     	;# 
   187  0FEE                     	;# 
   188  0FEF                     	;# 
   189  0000                     	;# 
   190  0001                     	;# 
   191  0002                     	;# 
   192  0003                     	;# 
   193  0004                     	;# 
   194  0005                     	;# 
   195  0006                     	;# 
   196  0007                     	;# 
   197  0008                     	;# 
   198  0009                     	;# 
   199  000A                     	;# 
   200  000B                     	;# 
   201  000C                     	;# 
   202  000E                     	;# 
   203  0011                     	;# 
   204  0012                     	;# 
   205  0013                     	;# 
   206  0015                     	;# 
   207  0016                     	;# 
   208  0016                     	;# 
   209  0017                     	;# 
   210  0018                     	;# 
   211  0019                     	;# 
   212  001A                     	;# 
   213  001B                     	;# 
   214  001C                     	;# 
   215  001E                     	;# 
   216  001F                     	;# 
   217  008C                     	;# 
   218  008E                     	;# 
   219  0091                     	;# 
   220  0092                     	;# 
   221  0093                     	;# 
   222  0095                     	;# 
   223  0096                     	;# 
   224  0097                     	;# 
   225  0098                     	;# 
   226  0099                     	;# 
   227  009A                     	;# 
   228  009B                     	;# 
   229  009B                     	;# 
   230  009C                     	;# 
   231  009D                     	;# 
   232  009E                     	;# 
   233  010C                     	;# 
   234  010E                     	;# 
   235  0111                     	;# 
   236  0112                     	;# 
   237  0113                     	;# 
   238  0114                     	;# 
   239  0115                     	;# 
   240  0116                     	;# 
   241  0117                     	;# 
   242  0118                     	;# 
   243  0119                     	;# 
   244  011A                     	;# 
   245  011B                     	;# 
   246  011D                     	;# 
   247  011E                     	;# 
   248  018C                     	;# 
   249  018E                     	;# 
   250  0191                     	;# 
   251  0191                     	;# 
   252  0192                     	;# 
   253  0193                     	;# 
   254  0193                     	;# 
   255  0193                     	;# 
   256  0194                     	;# 
   257  0195                     	;# 
   258  0196                     	;# 
   259  0199                     	;# 
   260  019A                     	;# 
   261  019B                     	;# 
   262  019B                     	;# 
   263  019C                     	;# 
   264  019D                     	;# 
   265  019E                     	;# 
   266  019F                     	;# 
   267  020C                     	;# 
   268  020E                     	;# 
   269  0211                     	;# 
   270  0211                     	;# 
   271  0212                     	;# 
   272  0212                     	;# 
   273  0213                     	;# 
   274  0213                     	;# 
   275  0214                     	;# 
   276  0214                     	;# 
   277  0215                     	;# 
   278  0215                     	;# 
   279  0215                     	;# 
   280  0216                     	;# 
   281  0216                     	;# 
   282  0217                     	;# 
   283  0217                     	;# 
   284  0291                     	;# 
   285  0291                     	;# 
   286  0292                     	;# 
   287  0293                     	;# 
   288  0294                     	;# 
   289  0295                     	;# 
   290  0295                     	;# 
   291  0296                     	;# 
   292  0298                     	;# 
   293  0298                     	;# 
   294  0299                     	;# 
   295  029A                     	;# 
   296  029B                     	;# 
   297  029C                     	;# 
   298  029D                     	;# 
   299  029E                     	;# 
   300  0311                     	;# 
   301  0311                     	;# 
   302  0312                     	;# 
   303  0313                     	;# 
   304  0318                     	;# 
   305  0318                     	;# 
   306  0319                     	;# 
   307  031A                     	;# 
   308  038C                     	;# 
   309  038E                     	;# 
   310  0391                     	;# 
   311  0392                     	;# 
   312  0393                     	;# 
   313  039A                     	;# 
   314  039C                     	;# 
   315  039D                     	;# 
   316  039E                     	;# 
   317  039F                     	;# 
   318  0415                     	;# 
   319  0416                     	;# 
   320  0417                     	;# 
   321  041C                     	;# 
   322  041D                     	;# 
   323  041E                     	;# 
   324  0FE4                     	;# 
   325  0FE5                     	;# 
   326  0FE6                     	;# 
   327  0FE7                     	;# 
   328  0FE8                     	;# 
   329  0FE9                     	;# 
   330  0FEA                     	;# 
   331  0FEB                     	;# 
   332  0FED                     	;# 
   333  0FEE                     	;# 
   334  0FEF                     	;# 
   335                           
   336                           	psect	cinit
   337  07FD                     start_initialization:	
   338                           ; #config settings
   339                           
   340  07FD                     __initialization:	
   341  07FD                     end_of_initialization:	
   342                           ;End of C runtime variable initialization code
   343                           
   344  07FD                     __end_of__initialization:	
   345  07FD  0020               	movlb	0
   346  07FE  3187  2FFB         	ljmp	_main	;jump to C main() function
   347                           
   348                           	psect	cstackCOMMON
   349  0000                     __pcstackCOMMON:	
   350  0000                     ?_main:	
   351  0000                     ??_main:	
   352                           ; 1 bytes @ 0x0
   353                           
   354                           
   355                           	psect	maintext
   356  07FB                     __pmaintext:	
   357                           ; 1 bytes @ 0x0
   358 ;;
   359 ;;Main: autosize = 0, tempsize = 0, incstack = 0, save=0
   360 ;;
   361 ;; *************** function _main *****************
   362 ;; Defined at:
   363 ;;		line 11 in file "main.c"
   364 ;; Parameters:    Size  Location     Type
   365 ;;		None
   366 ;; Auto vars:     Size  Location     Type
   367 ;;		None
   368 ;; Return value:  Size  Location     Type
   369 ;;                  1    wreg      void 
   370 ;; Registers used:
   371 ;;		None
   372 ;; Tracked objects:
   373 ;;		On entry : B1F/0
   374 ;;		On exit  : 0/0
   375 ;;		Unchanged: 0/0
   376 ;; Data sizes:     COMMON   BANK0   BANK1   BANK2   BANK3   BANK4   BANK5   BANK6   BANK7   BANK8   BANK9  BANK10  BANK1
      +1  BANK12
   377 ;;      Params:         0       0       0       0       0       0       0       0       0       0       0       0       
      +0       0
   378 ;;      Locals:         0       0       0       0       0       0       0       0       0       0       0       0       
      +0       0
   379 ;;      Temps:          0       0       0       0       0       0       0       0       0       0       0       0       
      +0       0
   380 ;;      Totals:         0       0       0       0       0       0       0       0       0       0       0       0       
      +0       0
   381 ;;Total ram usage:        0 bytes
   382 ;; This function calls:
   383 ;;		Nothing
   384 ;; This function is called by:
   385 ;;		Startup code after reset
   386 ;; This function uses a non-reentrant model
   387 ;;
   388                           
   389                           
   390                           ;psect for function _main
   391  07FB                     _main:	
   392  07FB                     l613:	
   393                           ;incstack = 0
   394                           ; Regs used in _main: []
   395                           
   396  07FB                     l5:	
   397                           ;main.c: 12:     return;
   398                           
   399  07FB  3180  2802         	ljmp	start
   400  07FD                     __end_of_main:	
   401  007E                     btemp	set	126	;btemp
   402  007E                     wtemp0	set	126


Data Sizes:
    Strings     0
    Constant    0
    Data        0
    BSS         0
    Persistent  32
    Stack       0

Auto Spaces:
    Space          Size  Autos    Used
    COMMON           14      0       0
    BANK0            80      0       0
    BANK1            80      0       0
    BANK2            80      0       0
    BANK3            80      0       0
    BANK4            80      0       0
    BANK5            80      0       0
    BANK6            80      0       0
    BANK7            80      0       0
    BANK8            80      0       0
    BANK9            80      0       0
    BANK10           80      0       0
    BANK11           80      0       0
    BANK12           48      0       0

Pointer List with Targets:

    None.

Critical Paths under _main in COMMON

    None.

Critical Paths under _main in BANK0

    None.

Critical Paths under _main in BANK1

    None.

Critical Paths under _main in BANK2

    None.

Critical Paths under _main in BANK3

    None.

Critical Paths under _main in BANK4

    None.

Critical Paths under _main in BANK5

    None.

Critical Paths under _main in BANK6

    None.

Critical Paths under _main in BANK7

    None.

Critical Paths under _main in BANK8

    None.

Critical Paths under _main in BANK9

    None.

Critical Paths under _main in BANK10

    None.

Critical Paths under _main in BANK11

    None.

Critical Paths under _main in BANK12

    None.

Call Graph Tables:

 ---------------------------------------------------------------------------------
 (Depth) Function   	        Calls       Base Space   Used Autos Params    Refs
 ---------------------------------------------------------------------------------
 (0) _main                                                 0     0      0       0
 ---------------------------------------------------------------------------------
 Estimated maximum stack depth 0
 ---------------------------------------------------------------------------------

 Call Graph Graphs:

 _main (ROOT)

 Address spaces:
Name               Size   Autos  Total    Cost      Usage
BIGRAM             3F0      0       0       0        0.0%
EEDATA             100      0       0       0        0.0%
NULL                 0      0       0       0        0.0%
CODE                 0      0       0       0        0.0%
BITCOMMON            E      0       0       1        0.0%
BITSFR0              0      0       0       1        0.0%
SFR0                 0      0       0       1        0.0%
COMMON               E      0       0       2        0.0%
BITSFR1              0      0       0       2        0.0%
SFR1                 0      0       0       2        0.0%
BITSFR2              0      0       0       3        0.0%
SFR2                 0      0       0       3        0.0%
STACK                0      0       0       3        0.0%
BITBANK0            50      0       0       4        0.0%
BITSFR3              0      0       0       4        0.0%
SFR3                 0      0       0       4        0.0%
BANK0               50      0       0       5        0.0%
BITSFR4              0      0       0       5        0.0%
SFR4                 0      0       0       5        0.0%
BITBANK1            50      0       0       6        0.0%
BITSFR5              0      0       0       6        0.0%
SFR5                 0      0       0       6        0.0%
BANK1               50      0       0       7        0.0%
BITSFR6              0      0       0       7        0.0%
SFR6                 0      0       0       7        0.0%
BITBANK2            50      0       0       8        0.0%
BITSFR7              0      0       0       8        0.0%
SFR7                 0      0       0       8        0.0%
BANK2               50      0       0       9        0.0%
BITSFR8              0      0       0       9        0.0%
SFR8                 0      0       0       9        0.0%
BITBANK3            50      0       0      10        0.0%
BITSFR9              0      0       0      10        0.0%
SFR9                 0      0       0      10        0.0%
BANK3               50      0       0      11        0.0%
BITSFR10             0      0       0      11        0.0%
SFR10                0      0       0      11        0.0%
BITBANK4            50      0       0      12        0.0%
BITSFR11             0      0       0      12        0.0%
SFR11                0      0       0      12        0.0%
BANK4               50      0       0      13        0.0%
BITSFR12             0      0       0      13        0.0%
SFR12                0      0       0      13        0.0%
BITBANK5            50      0       0      14        0.0%
BITSFR13             0      0       0      14        0.0%
SFR13                0      0       0      14        0.0%
BANK5               50      0       0      15        0.0%
BITSFR14             0      0       0      15        0.0%
SFR14                0      0       0      15        0.0%
BITBANK6            50      0       0      16        0.0%
BITSFR15             0      0       0      16        0.0%
SFR15                0      0       0      16        0.0%
BANK6               50      0       0      17        0.0%
BITSFR16             0      0       0      17        0.0%
SFR16                0      0       0      17        0.0%
BITBANK7            50      0       0      18        0.0%
BITSFR17             0      0       0      18        0.0%
SFR17                0      0       0      18        0.0%
BANK7               50      0       0      19        0.0%
BITSFR18             0      0       0      19        0.0%
SFR18                0      0       0      19        0.0%
BITSFR19             0      0       0      20        0.0%
SFR19                0      0       0      20        0.0%
ABS                  0      0       0      20        0.0%
BITBANK8            50      0       0      21        0.0%
BITSFR20             0      0       0      21        0.0%
SFR20                0      0       0      21        0.0%
BANK8               50      0       0      22        0.0%
BITSFR21             0      0       0      22        0.0%
SFR21                0      0       0      22        0.0%
BITBANK9            50      0       0      23        0.0%
BITSFR22             0      0       0      23        0.0%
SFR22                0      0       0      23        0.0%
BANK9               50      0       0      24        0.0%
BITSFR23             0      0       0      24        0.0%
SFR23                0      0       0      24        0.0%
BITBANK10           50      0       0      25        0.0%
BITSFR24             0      0       0      25        0.0%
SFR24                0      0       0      25        0.0%
BANK10              50      0       0      26        0.0%
BITSFR25             0      0       0      26        0.0%
SFR25                0      0       0      26        0.0%
BITBANK11           50      0       0      27        0.0%
BITSFR26             0      0       0      27        0.0%
SFR26                0      0       0      27        0.0%
BANK11              50      0       0      28        0.0%
BITSFR27             0      0       0      28        0.0%
SFR27                0      0       0      28        0.0%
BITBANK12           30      0       0      29        0.0%
BITSFR28             0      0       0      29        0.0%
SFR28                0      0       0      29        0.0%
BANK12              30      0       0      30        0.0%
BITSFR29             0      0       0      30        0.0%
SFR29                0      0       0      30        0.0%
BITSFR30             0      0       0      31        0.0%
SFR30                0      0       0      31        0.0%
DATA                 0      0       0      31        0.0%
BITSFR31             0      0       0      32        0.0%
SFR31                0      0       0      32        0.0%


Microchip Technology PIC Macro Assembler V2.10 build 88905656 
Symbol Table                                                                                   Tue Jun 16 16:31:32 2020

                      l5 07FB                      l613 07FB                     _main 07FB  
                   btemp 007E                     start 0002                    ?_main 0000  
                  wtemp0 007E          __initialization 07FD             __end_of_main 07FD  
                 ??_main 0000  __end_of__initialization 07FD           __pcstackCOMMON 0000  
             __pmaintext 07FB     end_of_initialization 07FD      start_initialization 07FD  
              ___latbits 0002            __size_of_main 0002  
